Lmod has detected the following error: The following module(s) are unknown:
"raxml"

Please check the spelling or version number. Also try "module spider ..."
It is also possible your cache file is out-of-date; it may help to try:
  $ module --ignore-cache load "raxml"

Also make sure that all modulefiles written in TCL start with the string
#%Module




This is RAxML MPI Process Number: 0

RAxML can't, parse the alignment file as phylip file 
it will now try to parse it as FASTA file



IMPORTANT WARNING: Sequences EPI_ISL_299775|A/AbuDhabi/015/2017|AbuDhabi|1179844|10/25/17 and EPI_ISL_296068|A/India/6032/2017|India|1163272|10/16/17 are exactly identical


IMPORTANT WARNING: Sequences EPI_ISL_277156|A/Bangladesh/2209/2017|Bangladesh|1056044|6/5/17 and EPI_ISL_277159|A/Bangladesh/3389/2017|Bangladesh|1056068|6/11/17 are exactly identical


IMPORTANT WARNING: Sequences EPI_ISL_277156|A/Bangladesh/2209/2017|Bangladesh|1056044|6/5/17 and EPI_ISL_286120|A/Bangladesh/3012/2017|Bangladesh|1107711|6/11/17 are exactly identical


IMPORTANT WARNING: Sequences EPI_ISL_277156|A/Bangladesh/2209/2017|Bangladesh|1056044|6/5/17 and EPI_ISL_277152|A/Bangladesh/2146/2017|Bangladesh|1056013|6/13/17 are exactly identical


IMPORTANT WARNING: Sequences EPI_ISL_277156|A/Bangladesh/2209/2017|Bangladesh|1056044|6/5/17 and EPI_ISL_275772|A/Bangladesh/3044/2017|Bangladesh|1048095|6/16/17 are exactly identical


IMPORTANT WARNING: Sequences EPI_ISL_328489|A/Guangdong/SKLRD01/2017|China|1304698|7/15/17 and EPI_ISL_293110|A/HongKong/4211/2017|HongKong|1148853|7/26/17 are exactly identical


IMPORTANT WARNING: Sequences EPI_ISL_302560|A/Shanghai/39/2017|China|1193868|8/15/17 and EPI_ISL_302528|A/Shanghai/54/2017|China|1193636|9/17/17 are exactly identical


IMPORTANT WARNING: Sequences EPI_ISL_269009|A/HongKong/2269/2017|HongKong|1021180|5/20/17 and EPI_ISL_273247|A/HongKong/3064/2017|HongKong|1036341|6/29/17 are exactly identical


IMPORTANT WARNING: Sequences EPI_ISL_269009|A/HongKong/2269/2017|HongKong|1021180|5/20/17 and EPI_ISL_274701|A/HongKong/3084/2017|HongKong|1043873|6/30/17 are exactly identical


IMPORTANT WARNING: Sequences EPI_ISL_269009|A/HongKong/2269/2017|HongKong|1021180|5/20/17 and EPI_ISL_274713|A/HongKong/3097/2017|HongKong|1043897|7/1/17 are exactly identical


IMPORTANT WARNING: Sequences EPI_ISL_269009|A/HongKong/2269/2017|HongKong|1021180|5/20/17 and EPI_ISL_274755|A/HongKong/3158/2017|HongKong|1043981|7/2/17 are exactly identical


IMPORTANT WARNING: Sequences EPI_ISL_269009|A/HongKong/2269/2017|HongKong|1021180|5/20/17 and EPI_ISL_280289|A/HongKong/3820/2017|HongKong|1073846|7/17/17 are exactly identical


IMPORTANT WARNING: Sequences EPI_ISL_269009|A/HongKong/2269/2017|HongKong|1021180|5/20/17 and EPI_ISL_283048|A/Singapore/TT1223/2017|Singapore|1087069|7/6/17 are exactly identical


IMPORTANT WARNING: Sequences EPI_ISL_273239|A/HongKong/3053/2017|HongKong|1036325|6/27/17 and EPI_ISL_274719|A/HongKong/3105/2017|HongKong|1043909|6/29/17 are exactly identical


IMPORTANT WARNING: Sequences EPI_ISL_262087|A/KANAGAWA/IC1646/2017|Japan|990910|3/13/17 and EPI_ISL_262085|A/YAMAGATA/32/2017|Japan|990906|1/12/17 are exactly identical


IMPORTANT WARNING: Sequences EPI_ISL_296466|A/Laos/2918/2017|Laos|1165919|8/14/17 and EPI_ISL_296476|A/Laos/3431/2017|Laos|1165993|9/14/17 are exactly identical


IMPORTANT WARNING: Sequences EPI_ISL_296466|A/Laos/2918/2017|Laos|1165919|8/14/17 and EPI_ISL_296454|A/Laos/3582/2017|Laos|1165828|9/20/17 are exactly identical


IMPORTANT WARNING: Sequences EPI_ISL_306935|A/Laos/F3548/2017|Laos|1215269|9/20/17 and EPI_ISL_306936|A/Laos/F3549/2017|Laos|1215277|9/20/17 are exactly identical


IMPORTANT WARNING: Sequences EPI_ISL_281447|A/Taiwan/78035/2017|Taiwan|1077214|4/25/17 and EPI_ISL_275617|A/Taiwan/88865/2017|Taiwan|1046865|7/8/17 are exactly identical


IMPORTANT WARNING: Sequences EPI_ISL_273854|A/Taiwan/354/2017|Taiwan|1040254|5/14/17 and EPI_ISL_275606|A/Taiwan/469/2017|Taiwan|1046844|5/22/17 are exactly identical

IMPORTANT WARNING
Found 20 sequences that are exactly identical to other sequences in the alignment.
Normally they should be excluded from the analysis.

Just in case you might need it, an alignment file with 
sequence duplicates removed is printed to file Asia2017H3N2_subset.mafftout.v3.fasta.reduced


Using BFGS method to optimize GTR rate parameters, to disable this specify "--no-bfgs" 


This is the RAxML Master Pthread

This is RAxML Worker Pthread Number: 2

This is RAxML Worker Pthread Number: 1

This is RAxML Worker Pthread Number: 3

This is RAxML Worker Pthread Number: 4

This is RAxML Worker Pthread Number: 5

This is RAxML Worker Pthread Number: 6

This is RAxML Worker Pthread Number: 7


This is RAxML version 8.2.12 released by Alexandros Stamatakis on May 2018.

With greatly appreciated code contributions by:
Andre Aberer      (HITS)
Simon Berger      (HITS)
Alexey Kozlov     (HITS)
Kassian Kobert    (HITS)
David Dao         (KIT and HITS)
Sarah Lutteropp   (KIT and HITS)
Nick Pattengale   (Sandia)
Wayne Pfeiffer    (SDSC)
Akifumi S. Tanabe (NRIFS)
Charlie Taylor    (UF)


Alignment has 437 distinct alignment patterns

Proportion of gaps and completely undetermined characters in this alignment: 3.99%

RAxML rapid bootstrapping algorithm

Using 1 distinct models/data partitions with joint branch length optimization



Executing 1000 rapid bootstrap inferences

All free model parameters will be estimated by RAxML
GAMMA model of rate heterogeneity, ML estimate of alpha-parameter

GAMMA Model parameters will be estimated up to an accuracy of 0.1000000000 Log Likelihood units

Partition: 0
Alignment Patterns: 437
Name: No Name Provided
DataType: DNA
Substitution Matrix: GTR




RAxML was called as follows:

raxmlHPC -s Asia2017H3N2_subset.mafftout.v3.fasta -n Asia2017H3N2_subset.mafftout.v3.phy -m GTRGAMMA -N autoMRE -p 456 -x 456 -T 8 



Time for BS model parameter optimization on Process 0: 0.380654 seconds
Bootstrap[0]: Time 2.071278 seconds, bootstrap likelihood -6639.398298, best rearrangement setting 6
Bootstrap[1]: Time 2.539251 seconds, bootstrap likelihood -7127.920701, best rearrangement setting 8
Bootstrap[2]: Time 1.895598 seconds, bootstrap likelihood -6995.052017, best rearrangement setting 7
Bootstrap[3]: Time 2.683841 seconds, bootstrap likelihood -7287.257817, best rearrangement setting 14
Bootstrap[4]: Time 2.605551 seconds, bootstrap likelihood -7023.221212, best rearrangement setting 14
Bootstrap[5]: Time 3.290608 seconds, bootstrap likelihood -6842.078606, best rearrangement setting 15
Bootstrap[6]: Time 2.598767 seconds, bootstrap likelihood -7062.864999, best rearrangement setting 11
Bootstrap[7]: Time 2.846419 seconds, bootstrap likelihood -7015.872227, best rearrangement setting 13
Bootstrap[8]: Time 2.692257 seconds, bootstrap likelihood -6946.270457, best rearrangement setting 15
Bootstrap[9]: Time 1.949941 seconds, bootstrap likelihood -7021.534319, best rearrangement setting 7
Bootstrap[10]: Time 2.652244 seconds, bootstrap likelihood -6742.522567, best rearrangement setting 14
Bootstrap[11]: Time 2.207183 seconds, bootstrap likelihood -6945.260729, best rearrangement setting 8
Bootstrap[12]: Time 2.447655 seconds, bootstrap likelihood -6567.009827, best rearrangement setting 9
Bootstrap[13]: Time 1.569613 seconds, bootstrap likelihood -7132.683240, best rearrangement setting 5
Bootstrap[14]: Time 1.758736 seconds, bootstrap likelihood -6745.269885, best rearrangement setting 6
Bootstrap[15]: Time 2.512596 seconds, bootstrap likelihood -7086.357508, best rearrangement setting 10
Bootstrap[16]: Time 2.190448 seconds, bootstrap likelihood -6975.211852, best rearrangement setting 14
Bootstrap[17]: Time 2.597567 seconds, bootstrap likelihood -7102.893517, best rearrangement setting 15
Bootstrap[18]: Time 1.847021 seconds, bootstrap likelihood -6941.585194, best rearrangement setting 6
Bootstrap[19]: Time 2.184233 seconds, bootstrap likelihood -6737.397521, best rearrangement setting 9
Bootstrap[20]: Time 1.924315 seconds, bootstrap likelihood -7030.158478, best rearrangement setting 6
Bootstrap[21]: Time 2.227193 seconds, bootstrap likelihood -6903.392977, best rearrangement setting 12
Bootstrap[22]: Time 2.383186 seconds, bootstrap likelihood -7092.985158, best rearrangement setting 11
Bootstrap[23]: Time 2.455230 seconds, bootstrap likelihood -7078.299776, best rearrangement setting 12
Bootstrap[24]: Time 2.282559 seconds, bootstrap likelihood -6901.178043, best rearrangement setting 10
Bootstrap[25]: Time 2.671519 seconds, bootstrap likelihood -7354.679028, best rearrangement setting 10
Bootstrap[26]: Time 1.865042 seconds, bootstrap likelihood -7051.089808, best rearrangement setting 8
Bootstrap[27]: Time 2.607585 seconds, bootstrap likelihood -7035.121046, best rearrangement setting 13
Bootstrap[28]: Time 1.955546 seconds, bootstrap likelihood -6787.131067, best rearrangement setting 8
Bootstrap[29]: Time 2.417350 seconds, bootstrap likelihood -7209.293122, best rearrangement setting 10
Bootstrap[30]: Time 3.133514 seconds, bootstrap likelihood -7141.061645, best rearrangement setting 15
Bootstrap[31]: Time 2.745794 seconds, bootstrap likelihood -6896.152469, best rearrangement setting 13
Bootstrap[32]: Time 1.922035 seconds, bootstrap likelihood -6886.117848, best rearrangement setting 7
Bootstrap[33]: Time 2.861665 seconds, bootstrap likelihood -6988.338364, best rearrangement setting 10
Bootstrap[34]: Time 2.191014 seconds, bootstrap likelihood -6966.253393, best rearrangement setting 7
Bootstrap[35]: Time 2.574725 seconds, bootstrap likelihood -7105.789979, best rearrangement setting 13
Bootstrap[36]: Time 2.054242 seconds, bootstrap likelihood -6590.931258, best rearrangement setting 11
Bootstrap[37]: Time 2.653505 seconds, bootstrap likelihood -6999.651026, best rearrangement setting 14
Bootstrap[38]: Time 2.228749 seconds, bootstrap likelihood -6732.044530, best rearrangement setting 12
Bootstrap[39]: Time 2.279675 seconds, bootstrap likelihood -6380.770142, best rearrangement setting 13
Bootstrap[40]: Time 1.620092 seconds, bootstrap likelihood -6436.615636, best rearrangement setting 5
Bootstrap[41]: Time 2.883571 seconds, bootstrap likelihood -6692.164414, best rearrangement setting 12
Bootstrap[42]: Time 1.937905 seconds, bootstrap likelihood -7045.608177, best rearrangement setting 6
Bootstrap[43]: Time 2.824619 seconds, bootstrap likelihood -6965.751826, best rearrangement setting 13
Bootstrap[44]: Time 2.203828 seconds, bootstrap likelihood -6806.936498, best rearrangement setting 9
Bootstrap[45]: Time 2.324804 seconds, bootstrap likelihood -7002.680247, best rearrangement setting 11
Bootstrap[46]: Time 1.642248 seconds, bootstrap likelihood -6679.449137, best rearrangement setting 5
Bootstrap[47]: Time 2.223673 seconds, bootstrap likelihood -6938.979500, best rearrangement setting 8
Bootstrap[48]: Time 3.067905 seconds, bootstrap likelihood -6971.088610, best rearrangement setting 14
Bootstrap[49]: Time 2.179493 seconds, bootstrap likelihood -6641.167956, best rearrangement setting 10


Found 50 trees in File /home/gs69042/bahllab/ceirs_training/RAxML_bootstrap.Asia2017H3N2_subset.mafftout.v3.phy

Bootstrap[50]: Time 2.941047 seconds, bootstrap likelihood -6851.386711, best rearrangement setting 12
Bootstrap[51]: Time 1.636774 seconds, bootstrap likelihood -7191.559431, best rearrangement setting 5
Bootstrap[52]: Time 1.533261 seconds, bootstrap likelihood -6777.637338, best rearrangement setting 5
Bootstrap[53]: Time 2.214077 seconds, bootstrap likelihood -6850.864924, best rearrangement setting 9
Bootstrap[54]: Time 2.079729 seconds, bootstrap likelihood -7208.742008, best rearrangement setting 10
Bootstrap[55]: Time 2.318900 seconds, bootstrap likelihood -6687.354704, best rearrangement setting 10
Bootstrap[56]: Time 1.768868 seconds, bootstrap likelihood -6722.755668, best rearrangement setting 6
Bootstrap[57]: Time 2.265919 seconds, bootstrap likelihood -6885.278115, best rearrangement setting 9
Bootstrap[58]: Time 2.415133 seconds, bootstrap likelihood -7153.587779, best rearrangement setting 8
Bootstrap[59]: Time 2.084644 seconds, bootstrap likelihood -6606.542389, best rearrangement setting 7
Bootstrap[60]: Time 1.616956 seconds, bootstrap likelihood -6372.016628, best rearrangement setting 5
Bootstrap[61]: Time 2.942235 seconds, bootstrap likelihood -6686.095518, best rearrangement setting 13
Bootstrap[62]: Time 2.605290 seconds, bootstrap likelihood -7080.403775, best rearrangement setting 13
Bootstrap[63]: Time 2.281619 seconds, bootstrap likelihood -7195.926566, best rearrangement setting 14
Bootstrap[64]: Time 1.523302 seconds, bootstrap likelihood -7266.699985, best rearrangement setting 5
Bootstrap[65]: Time 1.869076 seconds, bootstrap likelihood -6708.424106, best rearrangement setting 6
Bootstrap[66]: Time 2.461576 seconds, bootstrap likelihood -6778.614631, best rearrangement setting 9
Bootstrap[67]: Time 2.876040 seconds, bootstrap likelihood -6849.574125, best rearrangement setting 11
Bootstrap[68]: Time 3.217637 seconds, bootstrap likelihood -6927.530782, best rearrangement setting 12
Bootstrap[69]: Time 2.778343 seconds, bootstrap likelihood -6844.824887, best rearrangement setting 14
Bootstrap[70]: Time 2.689886 seconds, bootstrap likelihood -7134.968705, best rearrangement setting 12
Bootstrap[71]: Time 2.629756 seconds, bootstrap likelihood -7160.968384, best rearrangement setting 14
Bootstrap[72]: Time 2.588653 seconds, bootstrap likelihood -7356.214473, best rearrangement setting 12
Bootstrap[73]: Time 2.188073 seconds, bootstrap likelihood -7132.339574, best rearrangement setting 9
Bootstrap[74]: Time 2.940769 seconds, bootstrap likelihood -6780.115474, best rearrangement setting 14
Bootstrap[75]: Time 1.771898 seconds, bootstrap likelihood -6746.288344, best rearrangement setting 6
Bootstrap[76]: Time 1.695059 seconds, bootstrap likelihood -7184.510058, best rearrangement setting 6
Bootstrap[77]: Time 2.952710 seconds, bootstrap likelihood -7171.392013, best rearrangement setting 15
Bootstrap[78]: Time 2.406536 seconds, bootstrap likelihood -6784.065077, best rearrangement setting 11
Bootstrap[79]: Time 2.576133 seconds, bootstrap likelihood -7063.150362, best rearrangement setting 11
Bootstrap[80]: Time 2.285582 seconds, bootstrap likelihood -6895.535448, best rearrangement setting 10
Bootstrap[81]: Time 1.597303 seconds, bootstrap likelihood -7075.165330, best rearrangement setting 5
Bootstrap[82]: Time 2.005042 seconds, bootstrap likelihood -7187.994447, best rearrangement setting 9
Bootstrap[83]: Time 2.197563 seconds, bootstrap likelihood -6872.153835, best rearrangement setting 13
Bootstrap[84]: Time 2.224328 seconds, bootstrap likelihood -7140.720617, best rearrangement setting 13
Bootstrap[85]: Time 2.011575 seconds, bootstrap likelihood -7127.682448, best rearrangement setting 7
Bootstrap[86]: Time 3.689125 seconds, bootstrap likelihood -6704.334997, best rearrangement setting 13
Bootstrap[87]: Time 3.475949 seconds, bootstrap likelihood -6444.204069, best rearrangement setting 15
Bootstrap[88]: Time 3.683770 seconds, bootstrap likelihood -6525.671499, best rearrangement setting 12
Bootstrap[89]: Time 2.302376 seconds, bootstrap likelihood -7162.239773, best rearrangement setting 7
Bootstrap[90]: Time 2.384847 seconds, bootstrap likelihood -6927.082224, best rearrangement setting 10
Bootstrap[91]: Time 1.789757 seconds, bootstrap likelihood -6676.597550, best rearrangement setting 5
Bootstrap[92]: Time 2.026178 seconds, bootstrap likelihood -6806.612945, best rearrangement setting 8
Bootstrap[93]: Time 2.645258 seconds, bootstrap likelihood -6810.227237, best rearrangement setting 13
Bootstrap[94]: Time 2.321196 seconds, bootstrap likelihood -6704.248700, best rearrangement setting 13
Bootstrap[95]: Time 2.454052 seconds, bootstrap likelihood -7130.735351, best rearrangement setting 11
Bootstrap[96]: Time 1.864758 seconds, bootstrap likelihood -6777.464486, best rearrangement setting 6
Bootstrap[97]: Time 2.547395 seconds, bootstrap likelihood -7035.139436, best rearrangement setting 10
Bootstrap[98]: Time 2.029039 seconds, bootstrap likelihood -7271.184650, best rearrangement setting 7
Bootstrap[99]: Time 3.006365 seconds, bootstrap likelihood -6614.506632, best rearrangement setting 11


Found 100 trees in File /home/gs69042/bahllab/ceirs_training/RAxML_bootstrap.Asia2017H3N2_subset.mafftout.v3.phy

Bootstrap[100]: Time 2.959999 seconds, bootstrap likelihood -7105.621812, best rearrangement setting 13
Bootstrap[101]: Time 3.036422 seconds, bootstrap likelihood -6552.853067, best rearrangement setting 14
Bootstrap[102]: Time 2.226969 seconds, bootstrap likelihood -7006.052808, best rearrangement setting 8
Bootstrap[103]: Time 1.943547 seconds, bootstrap likelihood -6944.847555, best rearrangement setting 8
Bootstrap[104]: Time 1.912883 seconds, bootstrap likelihood -6720.435540, best rearrangement setting 7
Bootstrap[105]: Time 2.896217 seconds, bootstrap likelihood -6767.828707, best rearrangement setting 12
Bootstrap[106]: Time 1.836013 seconds, bootstrap likelihood -6768.296067, best rearrangement setting 7
Bootstrap[107]: Time 2.254414 seconds, bootstrap likelihood -7214.014326, best rearrangement setting 13
Bootstrap[108]: Time 2.379864 seconds, bootstrap likelihood -6489.003373, best rearrangement setting 14
Bootstrap[109]: Time 1.519672 seconds, bootstrap likelihood -6886.076925, best rearrangement setting 5
Bootstrap[110]: Time 2.008569 seconds, bootstrap likelihood -6748.252887, best rearrangement setting 8
Bootstrap[111]: Time 2.641735 seconds, bootstrap likelihood -7000.393089, best rearrangement setting 13
Bootstrap[112]: Time 2.936146 seconds, bootstrap likelihood -6633.930528, best rearrangement setting 14
Bootstrap[113]: Time 1.598824 seconds, bootstrap likelihood -7179.330408, best rearrangement setting 5
Bootstrap[114]: Time 3.349793 seconds, bootstrap likelihood -6473.192228, best rearrangement setting 14
Bootstrap[115]: Time 1.842095 seconds, bootstrap likelihood -6988.442105, best rearrangement setting 6
Bootstrap[116]: Time 1.974586 seconds, bootstrap likelihood -7096.215100, best rearrangement setting 6
Bootstrap[117]: Time 2.362233 seconds, bootstrap likelihood -6616.036995, best rearrangement setting 15
Bootstrap[118]: Time 2.329506 seconds, bootstrap likelihood -6687.638808, best rearrangement setting 11
Bootstrap[119]: Time 2.346588 seconds, bootstrap likelihood -6899.473834, best rearrangement setting 12
Bootstrap[120]: Time 2.428936 seconds, bootstrap likelihood -6874.913072, best rearrangement setting 12
Bootstrap[121]: Time 2.382794 seconds, bootstrap likelihood -6844.238472, best rearrangement setting 9
Bootstrap[122]: Time 1.976253 seconds, bootstrap likelihood -6840.337912, best rearrangement setting 8
Bootstrap[123]: Time 2.018519 seconds, bootstrap likelihood -6871.949997, best rearrangement setting 7
Bootstrap[124]: Time 2.233693 seconds, bootstrap likelihood -6677.896256, best rearrangement setting 11
Bootstrap[125]: Time 2.057191 seconds, bootstrap likelihood -7127.837183, best rearrangement setting 10
Bootstrap[126]: Time 2.059968 seconds, bootstrap likelihood -6889.549844, best rearrangement setting 9
Bootstrap[127]: Time 2.610181 seconds, bootstrap likelihood -7041.508911, best rearrangement setting 13
Bootstrap[128]: Time 2.508787 seconds, bootstrap likelihood -6690.999012, best rearrangement setting 13
Bootstrap[129]: Time 2.143550 seconds, bootstrap likelihood -7192.257239, best rearrangement setting 7
Bootstrap[130]: Time 2.390593 seconds, bootstrap likelihood -6990.127547, best rearrangement setting 13
Bootstrap[131]: Time 2.699206 seconds, bootstrap likelihood -6780.863639, best rearrangement setting 13
Bootstrap[132]: Time 3.553490 seconds, bootstrap likelihood -6598.808474, best rearrangement setting 13
Bootstrap[133]: Time 1.757757 seconds, bootstrap likelihood -6875.759799, best rearrangement setting 5
Bootstrap[134]: Time 2.599611 seconds, bootstrap likelihood -6875.910242, best rearrangement setting 14
Bootstrap[135]: Time 1.785343 seconds, bootstrap likelihood -6699.317168, best rearrangement setting 6
Bootstrap[136]: Time 2.303919 seconds, bootstrap likelihood -6924.711766, best rearrangement setting 11
Bootstrap[137]: Time 2.379674 seconds, bootstrap likelihood -6902.659800, best rearrangement setting 8
Bootstrap[138]: Time 2.704182 seconds, bootstrap likelihood -7114.656973, best rearrangement setting 12
Bootstrap[139]: Time 2.263467 seconds, bootstrap likelihood -6767.848036, best rearrangement setting 12
Bootstrap[140]: Time 1.964347 seconds, bootstrap likelihood -6845.519510, best rearrangement setting 7
Bootstrap[141]: Time 2.303677 seconds, bootstrap likelihood -6719.290677, best rearrangement setting 7
Bootstrap[142]: Time 1.636077 seconds, bootstrap likelihood -7270.040161, best rearrangement setting 5
Bootstrap[143]: Time 2.826410 seconds, bootstrap likelihood -7076.895996, best rearrangement setting 15
Bootstrap[144]: Time 2.417142 seconds, bootstrap likelihood -7155.461775, best rearrangement setting 8
Bootstrap[145]: Time 2.706885 seconds, bootstrap likelihood -7259.998604, best rearrangement setting 10
Bootstrap[146]: Time 2.717449 seconds, bootstrap likelihood -7071.232777, best rearrangement setting 11
Bootstrap[147]: Time 2.411368 seconds, bootstrap likelihood -6698.618320, best rearrangement setting 7
Bootstrap[148]: Time 2.649644 seconds, bootstrap likelihood -6696.469586, best rearrangement setting 9
Bootstrap[149]: Time 1.983145 seconds, bootstrap likelihood -7304.287148, best rearrangement setting 7


Found 150 trees in File /home/gs69042/bahllab/ceirs_training/RAxML_bootstrap.Asia2017H3N2_subset.mafftout.v3.phy

Bootstrap[150]: Time 2.362981 seconds, bootstrap likelihood -6754.385594, best rearrangement setting 8
Bootstrap[151]: Time 2.747418 seconds, bootstrap likelihood -6845.073288, best rearrangement setting 14
Bootstrap[152]: Time 2.137506 seconds, bootstrap likelihood -6962.567929, best rearrangement setting 9
Bootstrap[153]: Time 1.894995 seconds, bootstrap likelihood -7345.269902, best rearrangement setting 6
Bootstrap[154]: Time 2.262663 seconds, bootstrap likelihood -6651.918276, best rearrangement setting 10
Bootstrap[155]: Time 2.504089 seconds, bootstrap likelihood -6935.435426, best rearrangement setting 13
Bootstrap[156]: Time 2.825074 seconds, bootstrap likelihood -7124.555748, best rearrangement setting 13
Bootstrap[157]: Time 2.350413 seconds, bootstrap likelihood -6742.838549, best rearrangement setting 13
Bootstrap[158]: Time 1.834944 seconds, bootstrap likelihood -7212.267728, best rearrangement setting 5
Bootstrap[159]: Time 2.973982 seconds, bootstrap likelihood -7106.237725, best rearrangement setting 12
Bootstrap[160]: Time 2.381638 seconds, bootstrap likelihood -6905.982207, best rearrangement setting 13
Bootstrap[161]: Time 2.234961 seconds, bootstrap likelihood -6668.371792, best rearrangement setting 10
Bootstrap[162]: Time 2.113368 seconds, bootstrap likelihood -6768.797122, best rearrangement setting 9
Bootstrap[163]: Time 2.506297 seconds, bootstrap likelihood -7216.566597, best rearrangement setting 8
Bootstrap[164]: Time 2.069431 seconds, bootstrap likelihood -7240.515838, best rearrangement setting 7
Bootstrap[165]: Time 1.573519 seconds, bootstrap likelihood -6998.964249, best rearrangement setting 6
Bootstrap[166]: Time 1.903627 seconds, bootstrap likelihood -6782.698478, best rearrangement setting 6
Bootstrap[167]: Time 2.169762 seconds, bootstrap likelihood -7383.977928, best rearrangement setting 13
Bootstrap[168]: Time 3.426480 seconds, bootstrap likelihood -7084.742973, best rearrangement setting 15
Bootstrap[169]: Time 2.249233 seconds, bootstrap likelihood -7273.630635, best rearrangement setting 12
Bootstrap[170]: Time 2.237935 seconds, bootstrap likelihood -6783.517276, best rearrangement setting 10
Bootstrap[171]: Time 2.143977 seconds, bootstrap likelihood -7118.269085, best rearrangement setting 8
Bootstrap[172]: Time 1.926955 seconds, bootstrap likelihood -6896.898088, best rearrangement setting 7
Bootstrap[173]: Time 2.292001 seconds, bootstrap likelihood -7023.541230, best rearrangement setting 8
Bootstrap[174]: Time 2.102627 seconds, bootstrap likelihood -6900.627413, best rearrangement setting 7
Bootstrap[175]: Time 2.690303 seconds, bootstrap likelihood -7036.453367, best rearrangement setting 13
Bootstrap[176]: Time 2.422526 seconds, bootstrap likelihood -6839.825427, best rearrangement setting 13
Bootstrap[177]: Time 2.425832 seconds, bootstrap likelihood -7002.629891, best rearrangement setting 13
Bootstrap[178]: Time 1.737782 seconds, bootstrap likelihood -6909.790940, best rearrangement setting 5
Bootstrap[179]: Time 2.872053 seconds, bootstrap likelihood -7145.328570, best rearrangement setting 10
Bootstrap[180]: Time 1.920918 seconds, bootstrap likelihood -7144.996366, best rearrangement setting 8
Bootstrap[181]: Time 2.645127 seconds, bootstrap likelihood -7103.620860, best rearrangement setting 15
Bootstrap[182]: Time 1.917674 seconds, bootstrap likelihood -7386.237587, best rearrangement setting 7
Bootstrap[183]: Time 2.149759 seconds, bootstrap likelihood -6791.749236, best rearrangement setting 8
Bootstrap[184]: Time 2.214751 seconds, bootstrap likelihood -6836.374621, best rearrangement setting 8
Bootstrap[185]: Time 2.391885 seconds, bootstrap likelihood -6673.475236, best rearrangement setting 14
Bootstrap[186]: Time 2.082045 seconds, bootstrap likelihood -6720.973232, best rearrangement setting 10
Bootstrap[187]: Time 2.476866 seconds, bootstrap likelihood -6562.926809, best rearrangement setting 9
Bootstrap[188]: Time 1.774177 seconds, bootstrap likelihood -7175.017209, best rearrangement setting 6
Bootstrap[189]: Time 2.626040 seconds, bootstrap likelihood -7009.773385, best rearrangement setting 11
Bootstrap[190]: Time 2.359330 seconds, bootstrap likelihood -7093.266322, best rearrangement setting 7
Bootstrap[191]: Time 1.680454 seconds, bootstrap likelihood -7330.133381, best rearrangement setting 5
Bootstrap[192]: Time 2.037027 seconds, bootstrap likelihood -6767.636239, best rearrangement setting 7
Bootstrap[193]: Time 2.941398 seconds, bootstrap likelihood -6899.097153, best rearrangement setting 15
Bootstrap[194]: Time 2.255716 seconds, bootstrap likelihood -7055.724723, best rearrangement setting 8
Bootstrap[195]: Time 1.898667 seconds, bootstrap likelihood -6961.899792, best rearrangement setting 7
Bootstrap[196]: Time 1.904506 seconds, bootstrap likelihood -7155.285832, best rearrangement setting 7
Bootstrap[197]: Time 2.146450 seconds, bootstrap likelihood -7113.989320, best rearrangement setting 9
Bootstrap[198]: Time 2.252193 seconds, bootstrap likelihood -6692.252662, best rearrangement setting 10
Bootstrap[199]: Time 2.330726 seconds, bootstrap likelihood -7044.012792, best rearrangement setting 15


Found 200 trees in File /home/gs69042/bahllab/ceirs_training/RAxML_bootstrap.Asia2017H3N2_subset.mafftout.v3.phy

Bootstrap[200]: Time 2.004549 seconds, bootstrap likelihood -7066.136675, best rearrangement setting 8
Bootstrap[201]: Time 2.302384 seconds, bootstrap likelihood -6794.114246, best rearrangement setting 10
Bootstrap[202]: Time 1.808371 seconds, bootstrap likelihood -6963.485802, best rearrangement setting 6
Bootstrap[203]: Time 2.226215 seconds, bootstrap likelihood -6715.002080, best rearrangement setting 11
Bootstrap[204]: Time 2.493484 seconds, bootstrap likelihood -6592.861951, best rearrangement setting 12
Bootstrap[205]: Time 2.493090 seconds, bootstrap likelihood -7085.341911, best rearrangement setting 13
Bootstrap[206]: Time 2.405352 seconds, bootstrap likelihood -6709.169217, best rearrangement setting 13
Bootstrap[207]: Time 1.756386 seconds, bootstrap likelihood -7410.185551, best rearrangement setting 6
Bootstrap[208]: Time 3.564537 seconds, bootstrap likelihood -6943.209800, best rearrangement setting 14
Bootstrap[209]: Time 2.897564 seconds, bootstrap likelihood -6391.351837, best rearrangement setting 14
Bootstrap[210]: Time 2.044115 seconds, bootstrap likelihood -7127.437957, best rearrangement setting 11
Bootstrap[211]: Time 2.962139 seconds, bootstrap likelihood -7520.911460, best rearrangement setting 8
Bootstrap[212]: Time 2.232234 seconds, bootstrap likelihood -6832.274121, best rearrangement setting 7
Bootstrap[213]: Time 2.639705 seconds, bootstrap likelihood -7199.275082, best rearrangement setting 13
Bootstrap[214]: Time 2.783741 seconds, bootstrap likelihood -6834.288482, best rearrangement setting 13
Bootstrap[215]: Time 2.646198 seconds, bootstrap likelihood -6919.805616, best rearrangement setting 15
Bootstrap[216]: Time 2.526216 seconds, bootstrap likelihood -7224.104772, best rearrangement setting 9
Bootstrap[217]: Time 2.881256 seconds, bootstrap likelihood -6688.141647, best rearrangement setting 12
Bootstrap[218]: Time 2.020670 seconds, bootstrap likelihood -6973.718514, best rearrangement setting 7
Bootstrap[219]: Time 2.463076 seconds, bootstrap likelihood -6877.698834, best rearrangement setting 10
Bootstrap[220]: Time 2.530493 seconds, bootstrap likelihood -7028.570251, best rearrangement setting 13
Bootstrap[221]: Time 2.450537 seconds, bootstrap likelihood -7063.621467, best rearrangement setting 11
Bootstrap[222]: Time 2.318031 seconds, bootstrap likelihood -7052.502277, best rearrangement setting 8
Bootstrap[223]: Time 2.092889 seconds, bootstrap likelihood -7099.868904, best rearrangement setting 8
Bootstrap[224]: Time 2.659171 seconds, bootstrap likelihood -7162.185585, best rearrangement setting 14
Bootstrap[225]: Time 2.427787 seconds, bootstrap likelihood -6894.916473, best rearrangement setting 15
Bootstrap[226]: Time 2.458791 seconds, bootstrap likelihood -7133.113464, best rearrangement setting 13
Bootstrap[227]: Time 2.189932 seconds, bootstrap likelihood -7073.926396, best rearrangement setting 13
Bootstrap[228]: Time 2.111407 seconds, bootstrap likelihood -6854.494810, best rearrangement setting 7
Bootstrap[229]: Time 3.304866 seconds, bootstrap likelihood -6869.163265, best rearrangement setting 12
Bootstrap[230]: Time 2.556791 seconds, bootstrap likelihood -6860.549616, best rearrangement setting 12
Bootstrap[231]: Time 2.250372 seconds, bootstrap likelihood -6723.555197, best rearrangement setting 7
Bootstrap[232]: Time 2.871938 seconds, bootstrap likelihood -6618.127454, best rearrangement setting 15
Bootstrap[233]: Time 1.892103 seconds, bootstrap likelihood -6375.996324, best rearrangement setting 7
Bootstrap[234]: Time 2.814918 seconds, bootstrap likelihood -6751.635911, best rearrangement setting 14
Bootstrap[235]: Time 1.903741 seconds, bootstrap likelihood -6996.301123, best rearrangement setting 6
Bootstrap[236]: Time 2.756304 seconds, bootstrap likelihood -7169.611525, best rearrangement setting 12
Bootstrap[237]: Time 2.329032 seconds, bootstrap likelihood -6711.876586, best rearrangement setting 9
Bootstrap[238]: Time 1.935714 seconds, bootstrap likelihood -6947.783873, best rearrangement setting 6
Bootstrap[239]: Time 2.293972 seconds, bootstrap likelihood -6913.350711, best rearrangement setting 11
Bootstrap[240]: Time 2.406692 seconds, bootstrap likelihood -6871.164654, best rearrangement setting 8
Bootstrap[241]: Time 1.890548 seconds, bootstrap likelihood -6746.573940, best rearrangement setting 6
Bootstrap[242]: Time 3.092932 seconds, bootstrap likelihood -6775.599892, best rearrangement setting 15
Bootstrap[243]: Time 1.656595 seconds, bootstrap likelihood -6965.863412, best rearrangement setting 5
Bootstrap[244]: Time 3.065807 seconds, bootstrap likelihood -6908.268027, best rearrangement setting 13
Bootstrap[245]: Time 2.377221 seconds, bootstrap likelihood -7093.629193, best rearrangement setting 10
Bootstrap[246]: Time 2.226584 seconds, bootstrap likelihood -6894.285155, best rearrangement setting 15
Bootstrap[247]: Time 2.068307 seconds, bootstrap likelihood -7029.944530, best rearrangement setting 11
Bootstrap[248]: Time 2.226953 seconds, bootstrap likelihood -6912.888846, best rearrangement setting 10
Bootstrap[249]: Time 1.930020 seconds, bootstrap likelihood -6860.516657, best rearrangement setting 6


Found 250 trees in File /home/gs69042/bahllab/ceirs_training/RAxML_bootstrap.Asia2017H3N2_subset.mafftout.v3.phy

Bootstrap[250]: Time 2.221630 seconds, bootstrap likelihood -7137.895568, best rearrangement setting 14
Bootstrap[251]: Time 2.734942 seconds, bootstrap likelihood -6797.718151, best rearrangement setting 13
Bootstrap[252]: Time 2.830267 seconds, bootstrap likelihood -7306.540785, best rearrangement setting 14
Bootstrap[253]: Time 3.207063 seconds, bootstrap likelihood -6564.369340, best rearrangement setting 15
Bootstrap[254]: Time 2.872165 seconds, bootstrap likelihood -6903.527961, best rearrangement setting 13
Bootstrap[255]: Time 1.903519 seconds, bootstrap likelihood -6896.600821, best rearrangement setting 5
Bootstrap[256]: Time 2.948401 seconds, bootstrap likelihood -6399.015449, best rearrangement setting 14
Bootstrap[257]: Time 1.999695 seconds, bootstrap likelihood -7098.500426, best rearrangement setting 6
Bootstrap[258]: Time 2.909547 seconds, bootstrap likelihood -6755.981790, best rearrangement setting 14
Bootstrap[259]: Time 2.543993 seconds, bootstrap likelihood -6984.873798, best rearrangement setting 13
Bootstrap[260]: Time 2.186244 seconds, bootstrap likelihood -6980.767249, best rearrangement setting 7
Bootstrap[261]: Time 1.802935 seconds, bootstrap likelihood -7086.015115, best rearrangement setting 6
Bootstrap[262]: Time 2.673929 seconds, bootstrap likelihood -6879.850826, best rearrangement setting 15
Bootstrap[263]: Time 2.319611 seconds, bootstrap likelihood -7099.653361, best rearrangement setting 10
Bootstrap[264]: Time 2.633336 seconds, bootstrap likelihood -6842.423730, best rearrangement setting 12
Bootstrap[265]: Time 2.319848 seconds, bootstrap likelihood -6655.514541, best rearrangement setting 10
Bootstrap[266]: Time 1.974028 seconds, bootstrap likelihood -6841.259144, best rearrangement setting 7
Bootstrap[267]: Time 2.676331 seconds, bootstrap likelihood -7451.846216, best rearrangement setting 14
Bootstrap[268]: Time 2.459313 seconds, bootstrap likelihood -6609.600585, best rearrangement setting 14
Bootstrap[269]: Time 2.570063 seconds, bootstrap likelihood -7080.296858, best rearrangement setting 12
Bootstrap[270]: Time 2.012142 seconds, bootstrap likelihood -7107.118231, best rearrangement setting 7
Bootstrap[271]: Time 2.090751 seconds, bootstrap likelihood -7043.308367, best rearrangement setting 7
Bootstrap[272]: Time 2.590191 seconds, bootstrap likelihood -7067.384258, best rearrangement setting 13
Bootstrap[273]: Time 2.903651 seconds, bootstrap likelihood -6865.274319, best rearrangement setting 11
Bootstrap[274]: Time 2.234956 seconds, bootstrap likelihood -6713.937854, best rearrangement setting 9
Bootstrap[275]: Time 3.015334 seconds, bootstrap likelihood -6895.682472, best rearrangement setting 15
Bootstrap[276]: Time 2.124171 seconds, bootstrap likelihood -7094.760009, best rearrangement setting 9
Bootstrap[277]: Time 2.630881 seconds, bootstrap likelihood -6985.827165, best rearrangement setting 14
Bootstrap[278]: Time 2.348993 seconds, bootstrap likelihood -7057.466642, best rearrangement setting 8
Bootstrap[279]: Time 2.170578 seconds, bootstrap likelihood -6989.143937, best rearrangement setting 8
Bootstrap[280]: Time 2.442742 seconds, bootstrap likelihood -7096.213680, best rearrangement setting 9
Bootstrap[281]: Time 2.158818 seconds, bootstrap likelihood -7107.013584, best rearrangement setting 9
Bootstrap[282]: Time 2.248799 seconds, bootstrap likelihood -7080.335877, best rearrangement setting 9
Bootstrap[283]: Time 1.980457 seconds, bootstrap likelihood -7422.549937, best rearrangement setting 7
Bootstrap[284]: Time 2.372918 seconds, bootstrap likelihood -6637.565248, best rearrangement setting 9
Bootstrap[285]: Time 2.342677 seconds, bootstrap likelihood -7337.020971, best rearrangement setting 8
Bootstrap[286]: Time 2.726847 seconds, bootstrap likelihood -6972.880183, best rearrangement setting 14
Bootstrap[287]: Time 2.552220 seconds, bootstrap likelihood -7089.269028, best rearrangement setting 12
Bootstrap[288]: Time 2.443828 seconds, bootstrap likelihood -6714.517153, best rearrangement setting 15
Bootstrap[289]: Time 2.359043 seconds, bootstrap likelihood -6873.465297, best rearrangement setting 10
Bootstrap[290]: Time 1.640889 seconds, bootstrap likelihood -7042.149912, best rearrangement setting 5
Bootstrap[291]: Time 2.663479 seconds, bootstrap likelihood -6951.604416, best rearrangement setting 12
Bootstrap[292]: Time 2.889029 seconds, bootstrap likelihood -6654.272325, best rearrangement setting 14
Bootstrap[293]: Time 2.703901 seconds, bootstrap likelihood -6620.464083, best rearrangement setting 10
Bootstrap[294]: Time 2.051377 seconds, bootstrap likelihood -7196.763823, best rearrangement setting 7
Bootstrap[295]: Time 1.914593 seconds, bootstrap likelihood -7219.289752, best rearrangement setting 6
Bootstrap[296]: Time 2.447751 seconds, bootstrap likelihood -7039.750220, best rearrangement setting 13
Bootstrap[297]: Time 2.702953 seconds, bootstrap likelihood -6871.891292, best rearrangement setting 13
Bootstrap[298]: Time 1.994275 seconds, bootstrap likelihood -6961.260762, best rearrangement setting 8
Bootstrap[299]: Time 1.952627 seconds, bootstrap likelihood -6779.057110, best rearrangement setting 6


Found 300 trees in File /home/gs69042/bahllab/ceirs_training/RAxML_bootstrap.Asia2017H3N2_subset.mafftout.v3.phy

Bootstrap[300]: Time 2.255095 seconds, bootstrap likelihood -6848.850783, best rearrangement setting 9
Bootstrap[301]: Time 2.449446 seconds, bootstrap likelihood -6704.801849, best rearrangement setting 9
Bootstrap[302]: Time 2.361066 seconds, bootstrap likelihood -6639.449613, best rearrangement setting 10
Bootstrap[303]: Time 3.128057 seconds, bootstrap likelihood -6940.977525, best rearrangement setting 11
Bootstrap[304]: Time 1.954984 seconds, bootstrap likelihood -7018.969535, best rearrangement setting 6
Bootstrap[305]: Time 2.315533 seconds, bootstrap likelihood -6902.591828, best rearrangement setting 12
Bootstrap[306]: Time 2.186966 seconds, bootstrap likelihood -7027.667829, best rearrangement setting 12
Bootstrap[307]: Time 2.732576 seconds, bootstrap likelihood -6643.659927, best rearrangement setting 10
Bootstrap[308]: Time 2.566161 seconds, bootstrap likelihood -6726.303931, best rearrangement setting 13
Bootstrap[309]: Time 2.392059 seconds, bootstrap likelihood -6768.677450, best rearrangement setting 11
Bootstrap[310]: Time 1.696637 seconds, bootstrap likelihood -6599.812455, best rearrangement setting 5
Bootstrap[311]: Time 2.664469 seconds, bootstrap likelihood -6535.378019, best rearrangement setting 13
Bootstrap[312]: Time 2.324627 seconds, bootstrap likelihood -7047.374664, best rearrangement setting 14
Bootstrap[313]: Time 2.393669 seconds, bootstrap likelihood -7102.833495, best rearrangement setting 14
Bootstrap[314]: Time 1.788145 seconds, bootstrap likelihood -7034.418243, best rearrangement setting 7
Bootstrap[315]: Time 2.876985 seconds, bootstrap likelihood -6676.636280, best rearrangement setting 14
Bootstrap[316]: Time 2.326001 seconds, bootstrap likelihood -7224.046116, best rearrangement setting 13
Bootstrap[317]: Time 2.562349 seconds, bootstrap likelihood -6821.146913, best rearrangement setting 13
Bootstrap[318]: Time 1.962793 seconds, bootstrap likelihood -7251.973720, best rearrangement setting 7
Bootstrap[319]: Time 3.041317 seconds, bootstrap likelihood -6986.629567, best rearrangement setting 15
Bootstrap[320]: Time 2.518124 seconds, bootstrap likelihood -6644.801562, best rearrangement setting 9
Bootstrap[321]: Time 1.574623 seconds, bootstrap likelihood -7123.461141, best rearrangement setting 5
Bootstrap[322]: Time 2.764569 seconds, bootstrap likelihood -6954.636555, best rearrangement setting 9
Bootstrap[323]: Time 1.907778 seconds, bootstrap likelihood -7155.147676, best rearrangement setting 7
Bootstrap[324]: Time 2.461025 seconds, bootstrap likelihood -6886.755801, best rearrangement setting 15
Bootstrap[325]: Time 1.667848 seconds, bootstrap likelihood -6693.817586, best rearrangement setting 6
Bootstrap[326]: Time 2.922827 seconds, bootstrap likelihood -6783.698114, best rearrangement setting 13
Bootstrap[327]: Time 1.643026 seconds, bootstrap likelihood -7238.572256, best rearrangement setting 5
Bootstrap[328]: Time 1.796453 seconds, bootstrap likelihood -7057.325104, best rearrangement setting 6
Bootstrap[329]: Time 2.566375 seconds, bootstrap likelihood -6436.044986, best rearrangement setting 14
Bootstrap[330]: Time 2.450966 seconds, bootstrap likelihood -6737.625516, best rearrangement setting 14
Bootstrap[331]: Time 1.499046 seconds, bootstrap likelihood -6824.604550, best rearrangement setting 5
Bootstrap[332]: Time 2.357462 seconds, bootstrap likelihood -6579.646468, best rearrangement setting 14
Bootstrap[333]: Time 3.379974 seconds, bootstrap likelihood -6633.848871, best rearrangement setting 15
Bootstrap[334]: Time 2.326989 seconds, bootstrap likelihood -6941.588218, best rearrangement setting 14
Bootstrap[335]: Time 2.172648 seconds, bootstrap likelihood -6899.819861, best rearrangement setting 11
Bootstrap[336]: Time 2.540288 seconds, bootstrap likelihood -7183.254395, best rearrangement setting 14
Bootstrap[337]: Time 2.630114 seconds, bootstrap likelihood -6978.368902, best rearrangement setting 9
Bootstrap[338]: Time 3.034019 seconds, bootstrap likelihood -6916.775701, best rearrangement setting 15
Bootstrap[339]: Time 2.784519 seconds, bootstrap likelihood -6936.560729, best rearrangement setting 14
Bootstrap[340]: Time 2.202520 seconds, bootstrap likelihood -7042.157769, best rearrangement setting 6
Bootstrap[341]: Time 2.784602 seconds, bootstrap likelihood -6575.629628, best rearrangement setting 10
Bootstrap[342]: Time 2.624265 seconds, bootstrap likelihood -7081.618878, best rearrangement setting 11
Bootstrap[343]: Time 2.189213 seconds, bootstrap likelihood -6734.861019, best rearrangement setting 7
Bootstrap[344]: Time 3.092860 seconds, bootstrap likelihood -6885.307407, best rearrangement setting 15
Bootstrap[345]: Time 2.653780 seconds, bootstrap likelihood -6882.187057, best rearrangement setting 13
Bootstrap[346]: Time 1.801187 seconds, bootstrap likelihood -6915.755407, best rearrangement setting 6
Bootstrap[347]: Time 2.425084 seconds, bootstrap likelihood -7071.573830, best rearrangement setting 12
Bootstrap[348]: Time 2.556047 seconds, bootstrap likelihood -7033.047259, best rearrangement setting 14
Bootstrap[349]: Time 3.079251 seconds, bootstrap likelihood -6532.391010, best rearrangement setting 15


Found 350 trees in File /home/gs69042/bahllab/ceirs_training/RAxML_bootstrap.Asia2017H3N2_subset.mafftout.v3.phy

Bootstrap[350]: Time 1.973605 seconds, bootstrap likelihood -7119.508341, best rearrangement setting 6
Bootstrap[351]: Time 1.961786 seconds, bootstrap likelihood -7114.296094, best rearrangement setting 6
Bootstrap[352]: Time 3.269171 seconds, bootstrap likelihood -6982.695515, best rearrangement setting 14
Bootstrap[353]: Time 2.755129 seconds, bootstrap likelihood -6843.137175, best rearrangement setting 12
Bootstrap[354]: Time 1.912030 seconds, bootstrap likelihood -6524.107695, best rearrangement setting 8
Bootstrap[355]: Time 2.670914 seconds, bootstrap likelihood -6940.992683, best rearrangement setting 13
Bootstrap[356]: Time 2.244806 seconds, bootstrap likelihood -6882.571705, best rearrangement setting 7
Bootstrap[357]: Time 2.471529 seconds, bootstrap likelihood -6941.653718, best rearrangement setting 12
Bootstrap[358]: Time 2.532227 seconds, bootstrap likelihood -6995.893203, best rearrangement setting 8
Bootstrap[359]: Time 2.999027 seconds, bootstrap likelihood -6739.813519, best rearrangement setting 12
Bootstrap[360]: Time 1.769805 seconds, bootstrap likelihood -6938.565085, best rearrangement setting 6
Bootstrap[361]: Time 3.373889 seconds, bootstrap likelihood -6967.449110, best rearrangement setting 15
Bootstrap[362]: Time 2.683684 seconds, bootstrap likelihood -7020.824856, best rearrangement setting 13
Bootstrap[363]: Time 1.636741 seconds, bootstrap likelihood -7161.228161, best rearrangement setting 5
Bootstrap[364]: Time 2.167643 seconds, bootstrap likelihood -7204.302049, best rearrangement setting 10
Bootstrap[365]: Time 2.279053 seconds, bootstrap likelihood -6568.062271, best rearrangement setting 7
Bootstrap[366]: Time 3.790890 seconds, bootstrap likelihood -7083.623208, best rearrangement setting 13
Bootstrap[367]: Time 3.206125 seconds, bootstrap likelihood -6502.219970, best rearrangement setting 15
Bootstrap[368]: Time 2.986796 seconds, bootstrap likelihood -6820.832611, best rearrangement setting 14
Bootstrap[369]: Time 1.623501 seconds, bootstrap likelihood -7133.807411, best rearrangement setting 5
Bootstrap[370]: Time 2.854300 seconds, bootstrap likelihood -6737.481307, best rearrangement setting 15
Bootstrap[371]: Time 2.767565 seconds, bootstrap likelihood -6530.983070, best rearrangement setting 11
Bootstrap[372]: Time 2.178317 seconds, bootstrap likelihood -7175.225971, best rearrangement setting 7
Bootstrap[373]: Time 1.928773 seconds, bootstrap likelihood -7487.037325, best rearrangement setting 8
Bootstrap[374]: Time 2.415463 seconds, bootstrap likelihood -6891.196901, best rearrangement setting 15
Bootstrap[375]: Time 2.418986 seconds, bootstrap likelihood -7051.329773, best rearrangement setting 8
Bootstrap[376]: Time 2.098814 seconds, bootstrap likelihood -7198.523401, best rearrangement setting 7
Bootstrap[377]: Time 2.893668 seconds, bootstrap likelihood -7082.409146, best rearrangement setting 12
Bootstrap[378]: Time 2.196660 seconds, bootstrap likelihood -6822.271857, best rearrangement setting 11
Bootstrap[379]: Time 2.524132 seconds, bootstrap likelihood -7113.520364, best rearrangement setting 10
Bootstrap[380]: Time 1.632197 seconds, bootstrap likelihood -7175.480305, best rearrangement setting 5
Bootstrap[381]: Time 2.840840 seconds, bootstrap likelihood -6641.285029, best rearrangement setting 15
Bootstrap[382]: Time 1.935021 seconds, bootstrap likelihood -6780.077179, best rearrangement setting 7
Bootstrap[383]: Time 1.609303 seconds, bootstrap likelihood -6751.078690, best rearrangement setting 5
Bootstrap[384]: Time 2.662567 seconds, bootstrap likelihood -7283.346159, best rearrangement setting 10
Bootstrap[385]: Time 2.071175 seconds, bootstrap likelihood -6820.628740, best rearrangement setting 8
Bootstrap[386]: Time 3.310821 seconds, bootstrap likelihood -6848.704722, best rearrangement setting 13
Bootstrap[387]: Time 2.073783 seconds, bootstrap likelihood -6793.410534, best rearrangement setting 7
Bootstrap[388]: Time 2.739432 seconds, bootstrap likelihood -6927.369363, best rearrangement setting 11
Bootstrap[389]: Time 2.246038 seconds, bootstrap likelihood -6910.307739, best rearrangement setting 10
Bootstrap[390]: Time 2.114786 seconds, bootstrap likelihood -6993.995688, best rearrangement setting 7
Bootstrap[391]: Time 2.943852 seconds, bootstrap likelihood -6856.651022, best rearrangement setting 15
Bootstrap[392]: Time 2.429742 seconds, bootstrap likelihood -6759.568910, best rearrangement setting 10
Bootstrap[393]: Time 1.637227 seconds, bootstrap likelihood -6736.369404, best rearrangement setting 5
Bootstrap[394]: Time 2.909512 seconds, bootstrap likelihood -6998.336959, best rearrangement setting 14
Bootstrap[395]: Time 1.728390 seconds, bootstrap likelihood -7077.593407, best rearrangement setting 5
Bootstrap[396]: Time 2.633892 seconds, bootstrap likelihood -7013.713616, best rearrangement setting 13
Bootstrap[397]: Time 2.730040 seconds, bootstrap likelihood -6713.425507, best rearrangement setting 12
Bootstrap[398]: Time 1.561923 seconds, bootstrap likelihood -6884.113919, best rearrangement setting 5
Bootstrap[399]: Time 2.482187 seconds, bootstrap likelihood -7128.524640, best rearrangement setting 11


Found 400 trees in File /home/gs69042/bahllab/ceirs_training/RAxML_bootstrap.Asia2017H3N2_subset.mafftout.v3.phy

Bootstrap[400]: Time 2.414159 seconds, bootstrap likelihood -6873.857798, best rearrangement setting 12
Bootstrap[401]: Time 3.091339 seconds, bootstrap likelihood -6945.111780, best rearrangement setting 11
Bootstrap[402]: Time 1.546429 seconds, bootstrap likelihood -6432.368025, best rearrangement setting 5
Bootstrap[403]: Time 2.591182 seconds, bootstrap likelihood -6510.007295, best rearrangement setting 14
Bootstrap[404]: Time 2.549420 seconds, bootstrap likelihood -6813.694894, best rearrangement setting 10
Bootstrap[405]: Time 3.044079 seconds, bootstrap likelihood -6854.086186, best rearrangement setting 12
Bootstrap[406]: Time 2.639744 seconds, bootstrap likelihood -7214.352178, best rearrangement setting 14
Bootstrap[407]: Time 1.620014 seconds, bootstrap likelihood -7202.761665, best rearrangement setting 6
Bootstrap[408]: Time 2.467762 seconds, bootstrap likelihood -7222.065182, best rearrangement setting 14
Bootstrap[409]: Time 2.127470 seconds, bootstrap likelihood -6893.194587, best rearrangement setting 10
Bootstrap[410]: Time 2.278366 seconds, bootstrap likelihood -7078.234066, best rearrangement setting 8
Bootstrap[411]: Time 3.339456 seconds, bootstrap likelihood -6706.456414, best rearrangement setting 11
Bootstrap[412]: Time 2.453040 seconds, bootstrap likelihood -7047.630784, best rearrangement setting 8
Bootstrap[413]: Time 2.654893 seconds, bootstrap likelihood -6674.069741, best rearrangement setting 10
Bootstrap[414]: Time 2.566931 seconds, bootstrap likelihood -6724.822141, best rearrangement setting 11
Bootstrap[415]: Time 1.712122 seconds, bootstrap likelihood -6926.712614, best rearrangement setting 5
Bootstrap[416]: Time 1.696984 seconds, bootstrap likelihood -6633.886539, best rearrangement setting 6
Bootstrap[417]: Time 3.243885 seconds, bootstrap likelihood -6897.505045, best rearrangement setting 15
Bootstrap[418]: Time 2.284456 seconds, bootstrap likelihood -7095.924052, best rearrangement setting 8
Bootstrap[419]: Time 2.920454 seconds, bootstrap likelihood -7367.999510, best rearrangement setting 15
Bootstrap[420]: Time 2.273490 seconds, bootstrap likelihood -6903.034771, best rearrangement setting 11
Bootstrap[421]: Time 1.878906 seconds, bootstrap likelihood -6689.764324, best rearrangement setting 7
Bootstrap[422]: Time 2.322477 seconds, bootstrap likelihood -6631.121758, best rearrangement setting 8
Bootstrap[423]: Time 2.116789 seconds, bootstrap likelihood -6909.315020, best rearrangement setting 7
Bootstrap[424]: Time 2.336727 seconds, bootstrap likelihood -6951.092183, best rearrangement setting 11
Bootstrap[425]: Time 2.040920 seconds, bootstrap likelihood -6887.984775, best rearrangement setting 8
Bootstrap[426]: Time 1.673382 seconds, bootstrap likelihood -7498.657460, best rearrangement setting 5
Bootstrap[427]: Time 2.317333 seconds, bootstrap likelihood -6871.271040, best rearrangement setting 11
Bootstrap[428]: Time 1.535627 seconds, bootstrap likelihood -7029.932351, best rearrangement setting 5
Bootstrap[429]: Time 1.704879 seconds, bootstrap likelihood -7034.756186, best rearrangement setting 5
Bootstrap[430]: Time 1.916486 seconds, bootstrap likelihood -6804.884540, best rearrangement setting 7
Bootstrap[431]: Time 2.277442 seconds, bootstrap likelihood -7119.587356, best rearrangement setting 15
Bootstrap[432]: Time 1.588951 seconds, bootstrap likelihood -7056.731994, best rearrangement setting 6
Bootstrap[433]: Time 2.175742 seconds, bootstrap likelihood -6878.142041, best rearrangement setting 11
Bootstrap[434]: Time 2.314448 seconds, bootstrap likelihood -6900.513237, best rearrangement setting 13
Bootstrap[435]: Time 1.866472 seconds, bootstrap likelihood -7006.999094, best rearrangement setting 6
Bootstrap[436]: Time 2.606163 seconds, bootstrap likelihood -7063.745969, best rearrangement setting 10
Bootstrap[437]: Time 2.402465 seconds, bootstrap likelihood -6955.307343, best rearrangement setting 12
Bootstrap[438]: Time 1.985733 seconds, bootstrap likelihood -6652.408602, best rearrangement setting 6
Bootstrap[439]: Time 2.226319 seconds, bootstrap likelihood -7181.490237, best rearrangement setting 8
Bootstrap[440]: Time 1.886328 seconds, bootstrap likelihood -6586.520115, best rearrangement setting 7
Bootstrap[441]: Time 2.284817 seconds, bootstrap likelihood -6946.944964, best rearrangement setting 14
Bootstrap[442]: Time 2.394777 seconds, bootstrap likelihood -6936.941558, best rearrangement setting 12
Bootstrap[443]: Time 3.144121 seconds, bootstrap likelihood -6655.728029, best rearrangement setting 11
Bootstrap[444]: Time 1.755641 seconds, bootstrap likelihood -6997.088622, best rearrangement setting 5
Bootstrap[445]: Time 2.243513 seconds, bootstrap likelihood -6829.334687, best rearrangement setting 11
Bootstrap[446]: Time 1.552940 seconds, bootstrap likelihood -6987.601993, best rearrangement setting 5
Bootstrap[447]: Time 2.612243 seconds, bootstrap likelihood -6630.550279, best rearrangement setting 12
Bootstrap[448]: Time 2.565550 seconds, bootstrap likelihood -7075.167064, best rearrangement setting 14
Bootstrap[449]: Time 2.215070 seconds, bootstrap likelihood -6807.644468, best rearrangement setting 10


Found 450 trees in File /home/gs69042/bahllab/ceirs_training/RAxML_bootstrap.Asia2017H3N2_subset.mafftout.v3.phy

Bootstrap[450]: Time 2.673779 seconds, bootstrap likelihood -6852.204880, best rearrangement setting 15
Bootstrap[451]: Time 2.265314 seconds, bootstrap likelihood -6646.541340, best rearrangement setting 12
Bootstrap[452]: Time 2.082662 seconds, bootstrap likelihood -6655.881491, best rearrangement setting 7
Bootstrap[453]: Time 1.997746 seconds, bootstrap likelihood -6666.581184, best rearrangement setting 7
Bootstrap[454]: Time 3.042875 seconds, bootstrap likelihood -6900.957083, best rearrangement setting 13
Bootstrap[455]: Time 2.122643 seconds, bootstrap likelihood -6936.426033, best rearrangement setting 9
Bootstrap[456]: Time 2.303891 seconds, bootstrap likelihood -7263.592793, best rearrangement setting 8
Bootstrap[457]: Time 2.674043 seconds, bootstrap likelihood -6934.877359, best rearrangement setting 11
Bootstrap[458]: Time 2.000800 seconds, bootstrap likelihood -7118.661743, best rearrangement setting 6
Bootstrap[459]: Time 2.882226 seconds, bootstrap likelihood -6921.747202, best rearrangement setting 11
Bootstrap[460]: Time 2.813835 seconds, bootstrap likelihood -7161.478176, best rearrangement setting 14
Bootstrap[461]: Time 2.621609 seconds, bootstrap likelihood -7340.765399, best rearrangement setting 13
Bootstrap[462]: Time 1.989328 seconds, bootstrap likelihood -6838.877991, best rearrangement setting 7
Bootstrap[463]: Time 2.120727 seconds, bootstrap likelihood -6983.456436, best rearrangement setting 8
Bootstrap[464]: Time 2.379484 seconds, bootstrap likelihood -6882.543781, best rearrangement setting 14
Bootstrap[465]: Time 2.670729 seconds, bootstrap likelihood -6919.660813, best rearrangement setting 14
Bootstrap[466]: Time 3.429803 seconds, bootstrap likelihood -6696.944247, best rearrangement setting 11
Bootstrap[467]: Time 2.242811 seconds, bootstrap likelihood -7130.168604, best rearrangement setting 12
Bootstrap[468]: Time 2.523107 seconds, bootstrap likelihood -7054.527553, best rearrangement setting 12
Bootstrap[469]: Time 2.533531 seconds, bootstrap likelihood -7046.174089, best rearrangement setting 11
Bootstrap[470]: Time 2.397359 seconds, bootstrap likelihood -6947.870546, best rearrangement setting 10
Bootstrap[471]: Time 1.632389 seconds, bootstrap likelihood -7216.838063, best rearrangement setting 6
Bootstrap[472]: Time 2.842627 seconds, bootstrap likelihood -6986.191523, best rearrangement setting 11
Bootstrap[473]: Time 2.754657 seconds, bootstrap likelihood -6903.776751, best rearrangement setting 15
Bootstrap[474]: Time 2.889713 seconds, bootstrap likelihood -6806.259353, best rearrangement setting 12
Bootstrap[475]: Time 2.357305 seconds, bootstrap likelihood -6614.214160, best rearrangement setting 13
Bootstrap[476]: Time 2.819266 seconds, bootstrap likelihood -7055.554171, best rearrangement setting 15
Bootstrap[477]: Time 2.896952 seconds, bootstrap likelihood -7081.322583, best rearrangement setting 15
Bootstrap[478]: Time 2.427281 seconds, bootstrap likelihood -7122.767337, best rearrangement setting 12
Bootstrap[479]: Time 2.300060 seconds, bootstrap likelihood -6787.945346, best rearrangement setting 10
Bootstrap[480]: Time 2.293785 seconds, bootstrap likelihood -6876.423130, best rearrangement setting 10
Bootstrap[481]: Time 3.311311 seconds, bootstrap likelihood -6820.980534, best rearrangement setting 15
Bootstrap[482]: Time 1.739572 seconds, bootstrap likelihood -6873.837895, best rearrangement setting 5
Bootstrap[483]: Time 2.853124 seconds, bootstrap likelihood -6869.652032, best rearrangement setting 14
Bootstrap[484]: Time 1.728653 seconds, bootstrap likelihood -7013.969795, best rearrangement setting 5
Bootstrap[485]: Time 1.962920 seconds, bootstrap likelihood -6815.661171, best rearrangement setting 6
Bootstrap[486]: Time 2.216112 seconds, bootstrap likelihood -6825.867106, best rearrangement setting 11
Bootstrap[487]: Time 2.191704 seconds, bootstrap likelihood -6875.086903, best rearrangement setting 15
Bootstrap[488]: Time 2.303995 seconds, bootstrap likelihood -6898.392627, best rearrangement setting 15
Bootstrap[489]: Time 1.994396 seconds, bootstrap likelihood -7268.241213, best rearrangement setting 8
Bootstrap[490]: Time 1.839411 seconds, bootstrap likelihood -6987.748538, best rearrangement setting 6
Bootstrap[491]: Time 2.429063 seconds, bootstrap likelihood -6990.470504, best rearrangement setting 11
Bootstrap[492]: Time 1.892930 seconds, bootstrap likelihood -6742.493882, best rearrangement setting 8
Bootstrap[493]: Time 2.180352 seconds, bootstrap likelihood -6715.566521, best rearrangement setting 13
Bootstrap[494]: Time 2.200797 seconds, bootstrap likelihood -6894.345141, best rearrangement setting 8
Bootstrap[495]: Time 3.453051 seconds, bootstrap likelihood -6496.144979, best rearrangement setting 15
Bootstrap[496]: Time 2.791465 seconds, bootstrap likelihood -6657.248198, best rearrangement setting 12
Bootstrap[497]: Time 2.393122 seconds, bootstrap likelihood -6760.975380, best rearrangement setting 15
Bootstrap[498]: Time 1.898379 seconds, bootstrap likelihood -6977.871227, best rearrangement setting 6
Bootstrap[499]: Time 1.595019 seconds, bootstrap likelihood -7299.668987, best rearrangement setting 5


Found 500 trees in File /home/gs69042/bahllab/ceirs_training/RAxML_bootstrap.Asia2017H3N2_subset.mafftout.v3.phy



Stopped Rapid BS search after 500 replicates with MRE-based Bootstopping criterion
WRF Average of 100 random splits: 2.585385 %
Overall Time for 500 Rapid Bootstraps 1196.445238 seconds
Average Time per Rapid Bootstrap 2.392890 seconds
All 500 bootstrapped trees written to: /home/gs69042/bahllab/ceirs_training/RAxML_bootstrap.Asia2017H3N2_subset.mafftout.v3.phy
